<?xml version="1.0" encoding="UTF-8"?>
<!-- Generated by org.testng.reporters.JUnitXMLReporter -->
<testsuite hostname="LN0C5772E6454B" ignored="0" name="Default test" tests="3" failures="0" timestamp="23 Jun 2019 17:31:36 GMT" time="8.732" errors="0">
  <testcase name="shortTermParking" time="1.58" classname="parking_calculator.ShortTermParking"/>
  <testcase name="shortTermParking" time="1.258" classname="parking_calculator.ShortTermParking"/>
  <testcase name="shortTermParking" time="1.126" classname="parking_calculator.ShortTermParking"/>
</testsuite> <!-- Default test -->
