<?xml version="1.0" encoding="UTF-8"?>
<testng-results skipped="0" failed="0" ignored="0" total="0" passed="0">
  <reporter-output>
  </reporter-output>
  <suite name="parking_calculator.AppTest" duration-ms="0" started-at="2019-06-23T17:13:32Z" finished-at="2019-06-23T17:13:32Z">
    <groups>
    </groups>
    <test name="Command line test" duration-ms="0" started-at="2019-06-23T17:13:32Z" finished-at="2019-06-23T17:13:32Z">
    </test> <!-- Command line test -->
  </suite> <!-- parking_calculator.AppTest -->
</testng-results>
